WARNING:root:success dump file :{}
INFO:root:start parse :https://img3.doubanio.com/view/photo/s_ratio_poster/public/p2561716440.jpg
INFO:root:success download image:./image/tmp/p2561716440.jpg
INFO:root:start parse :https://img9.doubanio.com/view/personage/raw/public/3685fa15a484c50edce319b04cabd7d4.jpg
INFO:root:success download image:./image/tmp/3685fa15a484c50edce319b04cabd7d4.jpg
INFO:root:start parse :https://img2.doubanio.com/view/personage/raw/public/4dcccbb42e0faf11a57288ae6e4bc20f.jpg
INFO:root:success download image:./image/tmp/4dcccbb42e0faf11a57288ae6e4bc20f.jpg
INFO:root:start parse :https://img9.doubanio.com/view/celebrity/raw/public/p1391771959.66.jpg
INFO:root:success download image:./image/tmp/p1391771959.66.jpg
INFO:root:start parse :https://img1.doubanio.com/view/celebrity/raw/public/p1399268395.47.jpg
INFO:root:success download image:./image/tmp/p1399268395.47.jpg
INFO:root:start parse :https://img9.doubanio.com/view/celebrity/raw/public/p46.jpg
INFO:root:success download image:./image/tmp/p46.jpg
INFO:root:start parse :https://img1.doubanio.com/view/personage/raw/public/bf2e54772645cde98bb60ca63765269a.jpg
INFO:root:success download image:./image/tmp/bf2e54772645cde98bb60ca63765269a.jpg
INFO:root:start parse :https://img1.doubanio.com/view/photo/m/public/p1665762739.jpg
INFO:root:success download image:./image/tmp/p1665762739.jpg
INFO:root:start parse :https://img1.doubanio.com/view/photo/m/public/p2581065129.jpg
INFO:root:success download image:./image/tmp/p2581065129.jpg
INFO:root:start parse :https://img2.doubanio.com/view/photo/m/public/p1949228542.jpg
INFO:root:success download image:./image/tmp/p1949228542.jpg
INFO:root:start parse :https://img3.doubanio.com/view/photo/m/public/p504397690.jpg
INFO:root:success download image:./image/tmp/p504397690.jpg
INFO:root:start parse :https://img9.doubanio.com/view/photo/m/public/p950669794.jpg
INFO:root:success download image:./image/tmp/p950669794.jpg
INFO:root:image is alread exist:./image/tmp/p2561716440.jpg
INFO:root:start parse :https://img9.doubanio.com/view/photo/m/public/p2585897495.jpg
INFO:root:success download image:./image/tmp/p2585897495.jpg
INFO:root:start parse :https://img2.doubanio.com/view/photo/m/public/p956201863.jpg
INFO:root:success download image:./image/tmp/p956201863.jpg
INFO:root:start parse :https://img2.doubanio.com/view/photo/m/public/p939759533.jpg
INFO:root:success download image:./image/tmp/p939759533.jpg
INFO:root:start parse :https://img2.doubanio.com/view/photo/m/public/p1488213971.jpg
INFO:root:success download image:./image/tmp/p1488213971.jpg
INFO:root:start parse :https://img3.doubanio.com/view/photo/m/public/p2213596760.jpg
INFO:root:success download image:./image/tmp/p2213596760.jpg
INFO:root:start parse :https://img1.doubanio.com/view/photo/m/public/p2213596778.jpg
INFO:root:success download image:./image/tmp/p2213596778.jpg
INFO:root:start parse :https://img3.doubanio.com/view/photo/m/public/p2213596790.jpg
INFO:root:success download image:./image/tmp/p2213596790.jpg
INFO:root:start parse :https://img1.doubanio.com/view/photo/m/public/p452855329.jpg
INFO:root:success download image:./image/tmp/p452855329.jpg
INFO:root:start parse :https://img2.doubanio.com/view/photo/m/public/p2213596822.jpg
INFO:root:success download image:./image/tmp/p2213596822.jpg
INFO:root:delete file:.\image\tmp\3685fa15a484c50edce319b04cabd7d4.jpg
INFO:root:delete file:.\image\tmp\4dcccbb42e0faf11a57288ae6e4bc20f.jpg
INFO:root:delete file:.\image\tmp\bf2e54772645cde98bb60ca63765269a.jpg
INFO:root:delete file:.\image\tmp\p1391771959.66.jpg
INFO:root:delete file:.\image\tmp\p1399268395.47.jpg
INFO:root:delete file:.\image\tmp\p1488213971.jpg
INFO:root:delete file:.\image\tmp\p1665762739.jpg
INFO:root:delete file:.\image\tmp\p1949228542.jpg
INFO:root:delete file:.\image\tmp\p2213596760.jpg
INFO:root:delete file:.\image\tmp\p2213596778.jpg
INFO:root:delete file:.\image\tmp\p2213596790.jpg
INFO:root:delete file:.\image\tmp\p2213596822.jpg
INFO:root:delete file:.\image\tmp\p2561716440.jpg
INFO:root:delete file:.\image\tmp\p2581065129.jpg
INFO:root:delete file:.\image\tmp\p2585897495.jpg
INFO:root:delete file:.\image\tmp\p452855329.jpg
INFO:root:delete file:.\image\tmp\p46.jpg
INFO:root:delete file:.\image\tmp\p504397690.jpg
INFO:root:delete file:.\image\tmp\p939759533.jpg
INFO:root:delete file:.\image\tmp\p950669794.jpg
INFO:root:delete file:.\image\tmp\p956201863.jpg
INFO:root:success generate a pdf:./pdf/1291546-霸王别姬.pdf
INFO:root:start parse :https://movie.douban.com/subject/1291560/
INFO:root:start parse :https://movie.douban.com/subject/1291560/photos?type=S
INFO:root:start parse :https://movie.douban.com/subject/1291560/photos?type=S&start=0
INFO:root:start parse :https://movie.douban.com/subject/1291560/photos?type=S&start=30
INFO:root:start parse :https://movie.douban.com/subject/1291560/photos?type=R
INFO:root:start parse :https://movie.douban.com/subject/1291560/photos?type=R&start=0
INFO:root:start parse :https://movie.douban.com/subject/1291560/photos?type=R&start=30
WARNING:root:success dump file :{}
INFO:root:start parse :https://img3.doubanio.com/view/photo/s_ratio_poster/public/p2561716440.jpg
INFO:root:success download image:./image/tmp/p2561716440.jpg
INFO:root:start parse :https://img9.doubanio.com/view/personage/raw/public/3685fa15a484c50edce319b04cabd7d4.jpg
INFO:root:success download image:./image/tmp/3685fa15a484c50edce319b04cabd7d4.jpg
INFO:root:start parse :https://img2.doubanio.com/view/personage/raw/public/4dcccbb42e0faf11a57288ae6e4bc20f.jpg
INFO:root:success download image:./image/tmp/4dcccbb42e0faf11a57288ae6e4bc20f.jpg
INFO:root:start parse :https://img9.doubanio.com/view/celebrity/raw/public/p1391771959.66.jpg
INFO:root:success download image:./image/tmp/p1391771959.66.jpg
INFO:root:start parse :https://img1.doubanio.com/view/celebrity/raw/public/p1399268395.47.jpg
INFO:root:success download image:./image/tmp/p1399268395.47.jpg
INFO:root:start parse :https://img9.doubanio.com/view/celebrity/raw/public/p46.jpg
INFO:root:success download image:./image/tmp/p46.jpg
INFO:root:start parse :https://img1.doubanio.com/view/personage/raw/public/bf2e54772645cde98bb60ca63765269a.jpg
INFO:root:success download image:./image/tmp/bf2e54772645cde98bb60ca63765269a.jpg
INFO:root:start parse :https://img1.doubanio.com/view/photo/m/public/p1665762739.jpg
INFO:root:success download image:./image/tmp/p1665762739.jpg
INFO:root:start parse :https://img1.doubanio.com/view/photo/m/public/p2581065129.jpg
INFO:root:success download image:./image/tmp/p2581065129.jpg
INFO:root:start parse :https://img2.doubanio.com/view/photo/m/public/p1949228542.jpg
INFO:root:success download image:./image/tmp/p1949228542.jpg
INFO:root:start parse :https://img3.doubanio.com/view/photo/m/public/p504397690.jpg
INFO:root:success download image:./image/tmp/p504397690.jpg
INFO:root:start parse :https://img9.doubanio.com/view/photo/m/public/p950669794.jpg
INFO:root:success download image:./image/tmp/p950669794.jpg
INFO:root:image is alread exist:./image/tmp/p2561716440.jpg
INFO:root:start parse :https://img9.doubanio.com/view/photo/m/public/p2585897495.jpg
INFO:root:success download image:./image/tmp/p2585897495.jpg
INFO:root:start parse :https://img2.doubanio.com/view/photo/m/public/p956201863.jpg
INFO:root:success download image:./image/tmp/p956201863.jpg
INFO:root:start parse :https://img2.doubanio.com/view/photo/m/public/p939759533.jpg
INFO:root:success download image:./image/tmp/p939759533.jpg
INFO:root:start parse :https://img2.doubanio.com/view/photo/m/public/p1488213971.jpg
INFO:root:success download image:./image/tmp/p1488213971.jpg
INFO:root:start parse :https://img3.doubanio.com/view/photo/m/public/p2213596760.jpg
INFO:root:success download image:./image/tmp/p2213596760.jpg
INFO:root:start parse :https://img1.doubanio.com/view/photo/m/public/p2213596778.jpg
INFO:root:success download image:./image/tmp/p2213596778.jpg
INFO:root:start parse :https://img3.doubanio.com/view/photo/m/public/p2213596790.jpg
INFO:root:success download image:./image/tmp/p2213596790.jpg
INFO:root:start parse :https://img1.doubanio.com/view/photo/m/public/p452855329.jpg
INFO:root:success download image:./image/tmp/p452855329.jpg
INFO:root:start parse :https://img2.doubanio.com/view/photo/m/public/p2213596822.jpg
INFO:root:success download image:./image/tmp/p2213596822.jpg
INFO:root:delete file:.\image\tmp\3685fa15a484c50edce319b04cabd7d4.jpg
INFO:root:delete file:.\image\tmp\4dcccbb42e0faf11a57288ae6e4bc20f.jpg
INFO:root:delete file:.\image\tmp\bf2e54772645cde98bb60ca63765269a.jpg
INFO:root:delete file:.\image\tmp\p1391771959.66.jpg
INFO:root:delete file:.\image\tmp\p1399268395.47.jpg
INFO:root:delete file:.\image\tmp\p1488213971.jpg
INFO:root:delete file:.\image\tmp\p1665762739.jpg
INFO:root:delete file:.\image\tmp\p1949228542.jpg
INFO:root:delete file:.\image\tmp\p2213596760.jpg
INFO:root:delete file:.\image\tmp\p2213596778.jpg
INFO:root:delete file:.\image\tmp\p2213596790.jpg
INFO:root:delete file:.\image\tmp\p2213596822.jpg
INFO:root:delete file:.\image\tmp\p2561716440.jpg
INFO:root:delete file:.\image\tmp\p2581065129.jpg
INFO:root:delete file:.\image\tmp\p2585897495.jpg
INFO:root:delete file:.\image\tmp\p452855329.jpg
INFO:root:delete file:.\image\tmp\p46.jpg
INFO:root:delete file:.\image\tmp\p504397690.jpg
INFO:root:delete file:.\image\tmp\p939759533.jpg
INFO:root:delete file:.\image\tmp\p950669794.jpg
INFO:root:delete file:.\image\tmp\p956201863.jpg
INFO:root:success generate a pdf:./pdf/1291546-霸王别姬.pdf
WARNING:root:success dump file :{}
INFO:root:start parse :https://img3.doubanio.com/view/photo/s_ratio_poster/public/p2561716440.jpg
INFO:root:success download image:./image/tmp/p2561716440.jpg
INFO:root:start parse :https://img9.doubanio.com/view/personage/raw/public/3685fa15a484c50edce319b04cabd7d4.jpg
INFO:root:success download image:./image/tmp/3685fa15a484c50edce319b04cabd7d4.jpg
INFO:root:start parse :https://img2.doubanio.com/view/personage/raw/public/4dcccbb42e0faf11a57288ae6e4bc20f.jpg
INFO:root:success download image:./image/tmp/4dcccbb42e0faf11a57288ae6e4bc20f.jpg
INFO:root:start parse :https://img9.doubanio.com/view/celebrity/raw/public/p1391771959.66.jpg
INFO:root:success download image:./image/tmp/p1391771959.66.jpg
INFO:root:start parse :https://img1.doubanio.com/view/celebrity/raw/public/p1399268395.47.jpg
INFO:root:success download image:./image/tmp/p1399268395.47.jpg
INFO:root:start parse :https://img9.doubanio.com/view/celebrity/raw/public/p46.jpg
INFO:root:success download image:./image/tmp/p46.jpg
INFO:root:start parse :https://img1.doubanio.com/view/personage/raw/public/bf2e54772645cde98bb60ca63765269a.jpg
INFO:root:success download image:./image/tmp/bf2e54772645cde98bb60ca63765269a.jpg
INFO:root:start parse :https://img1.doubanio.com/view/photo/m/public/p1665762739.jpg
INFO:root:success download image:./image/tmp/p1665762739.jpg
INFO:root:start parse :https://img1.doubanio.com/view/photo/m/public/p2581065129.jpg
INFO:root:success download image:./image/tmp/p2581065129.jpg
INFO:root:start parse :https://img2.doubanio.com/view/photo/m/public/p1949228542.jpg
INFO:root:success download image:./image/tmp/p1949228542.jpg
INFO:root:start parse :https://img3.doubanio.com/view/photo/m/public/p504397690.jpg
INFO:root:success download image:./image/tmp/p504397690.jpg
INFO:root:start parse :https://img9.doubanio.com/view/photo/m/public/p950669794.jpg
INFO:root:success download image:./image/tmp/p950669794.jpg
INFO:root:image is alread exist:./image/tmp/p2561716440.jpg
INFO:root:start parse :https://img9.doubanio.com/view/photo/m/public/p2585897495.jpg
INFO:root:success download image:./image/tmp/p2585897495.jpg
INFO:root:start parse :https://img2.doubanio.com/view/photo/m/public/p956201863.jpg
INFO:root:success download image:./image/tmp/p956201863.jpg
INFO:root:start parse :https://img2.doubanio.com/view/photo/m/public/p939759533.jpg
INFO:root:success download image:./image/tmp/p939759533.jpg
INFO:root:start parse :https://img2.doubanio.com/view/photo/m/public/p1488213971.jpg
INFO:root:success download image:./image/tmp/p1488213971.jpg
INFO:root:start parse :https://img3.doubanio.com/view/photo/m/public/p2213596760.jpg
INFO:root:success download image:./image/tmp/p2213596760.jpg
INFO:root:start parse :https://img1.doubanio.com/view/photo/m/public/p2213596778.jpg
INFO:root:success download image:./image/tmp/p2213596778.jpg
INFO:root:start parse :https://img3.doubanio.com/view/photo/m/public/p2213596790.jpg
INFO:root:success download image:./image/tmp/p2213596790.jpg
INFO:root:start parse :https://img1.doubanio.com/view/photo/m/public/p452855329.jpg
INFO:root:success download image:./image/tmp/p452855329.jpg
INFO:root:start parse :https://img2.doubanio.com/view/photo/m/public/p2213596822.jpg
INFO:root:success download image:./image/tmp/p2213596822.jpg
WARNING:root:success dump file :{}
INFO:root:image is alread exist:./image/tmp/p2561716440.jpg
INFO:root:image is alread exist:./image/tmp/3685fa15a484c50edce319b04cabd7d4.jpg
INFO:root:image is alread exist:./image/tmp/4dcccbb42e0faf11a57288ae6e4bc20f.jpg
INFO:root:image is alread exist:./image/tmp/p1391771959.66.jpg
INFO:root:image is alread exist:./image/tmp/p1399268395.47.jpg
INFO:root:image is alread exist:./image/tmp/p46.jpg
INFO:root:image is alread exist:./image/tmp/bf2e54772645cde98bb60ca63765269a.jpg
INFO:root:image is alread exist:./image/tmp/p1665762739.jpg
INFO:root:image is alread exist:./image/tmp/p2581065129.jpg
INFO:root:image is alread exist:./image/tmp/p1949228542.jpg
INFO:root:image is alread exist:./image/tmp/p504397690.jpg
INFO:root:image is alread exist:./image/tmp/p950669794.jpg
INFO:root:image is alread exist:./image/tmp/p2561716440.jpg
INFO:root:image is alread exist:./image/tmp/p2585897495.jpg
INFO:root:image is alread exist:./image/tmp/p956201863.jpg
INFO:root:image is alread exist:./image/tmp/p939759533.jpg
INFO:root:image is alread exist:./image/tmp/p1488213971.jpg
INFO:root:image is alread exist:./image/tmp/p2213596760.jpg
INFO:root:image is alread exist:./image/tmp/p2213596778.jpg
INFO:root:image is alread exist:./image/tmp/p2213596790.jpg
INFO:root:image is alread exist:./image/tmp/p452855329.jpg
INFO:root:image is alread exist:./image/tmp/p2213596822.jpg
WARNING:root:success dump file :{}
INFO:root:image is alread exist:./image/tmp/p2561716440.jpg
INFO:root:image is alread exist:./image/tmp/3685fa15a484c50edce319b04cabd7d4.jpg
INFO:root:image is alread exist:./image/tmp/4dcccbb42e0faf11a57288ae6e4bc20f.jpg
INFO:root:image is alread exist:./image/tmp/p1391771959.66.jpg
INFO:root:image is alread exist:./image/tmp/p1399268395.47.jpg
INFO:root:image is alread exist:./image/tmp/p46.jpg
INFO:root:image is alread exist:./image/tmp/bf2e54772645cde98bb60ca63765269a.jpg
INFO:root:image is alread exist:./image/tmp/p1665762739.jpg
INFO:root:image is alread exist:./image/tmp/p2581065129.jpg
INFO:root:image is alread exist:./image/tmp/p1949228542.jpg
INFO:root:image is alread exist:./image/tmp/p504397690.jpg
INFO:root:image is alread exist:./image/tmp/p950669794.jpg
INFO:root:image is alread exist:./image/tmp/p2561716440.jpg
INFO:root:image is alread exist:./image/tmp/p2585897495.jpg
INFO:root:image is alread exist:./image/tmp/p956201863.jpg
INFO:root:image is alread exist:./image/tmp/p939759533.jpg
INFO:root:image is alread exist:./image/tmp/p1488213971.jpg
INFO:root:image is alread exist:./image/tmp/p2213596760.jpg
INFO:root:image is alread exist:./image/tmp/p2213596778.jpg
INFO:root:image is alread exist:./image/tmp/p2213596790.jpg
INFO:root:image is alread exist:./image/tmp/p452855329.jpg
INFO:root:image is alread exist:./image/tmp/p2213596822.jpg
WARNING:root:success dump file :{}
INFO:root:image is alread exist:./image/tmp/p2561716440.jpg
INFO:root:image is alread exist:./image/tmp/3685fa15a484c50edce319b04cabd7d4.jpg
INFO:root:image is alread exist:./image/tmp/4dcccbb42e0faf11a57288ae6e4bc20f.jpg
INFO:root:image is alread exist:./image/tmp/p1391771959.66.jpg
INFO:root:image is alread exist:./image/tmp/p1399268395.47.jpg
INFO:root:image is alread exist:./image/tmp/p46.jpg
INFO:root:image is alread exist:./image/tmp/bf2e54772645cde98bb60ca63765269a.jpg
INFO:root:image is alread exist:./image/tmp/p1665762739.jpg
INFO:root:image is alread exist:./image/tmp/p2581065129.jpg
INFO:root:image is alread exist:./image/tmp/p1949228542.jpg
INFO:root:image is alread exist:./image/tmp/p504397690.jpg
INFO:root:image is alread exist:./image/tmp/p950669794.jpg
INFO:root:image is alread exist:./image/tmp/p2561716440.jpg
INFO:root:image is alread exist:./image/tmp/p2585897495.jpg
INFO:root:image is alread exist:./image/tmp/p956201863.jpg
INFO:root:image is alread exist:./image/tmp/p939759533.jpg
INFO:root:image is alread exist:./image/tmp/p1488213971.jpg
INFO:root:image is alread exist:./image/tmp/p2213596760.jpg
INFO:root:image is alread exist:./image/tmp/p2213596778.jpg
INFO:root:image is alread exist:./image/tmp/p2213596790.jpg
INFO:root:image is alread exist:./image/tmp/p452855329.jpg
INFO:root:image is alread exist:./image/tmp/p2213596822.jpg
INFO:root:delete file:.\image\tmp\3685fa15a484c50edce319b04cabd7d4.jpg
INFO:root:delete file:.\image\tmp\4dcccbb42e0faf11a57288ae6e4bc20f.jpg
INFO:root:delete file:.\image\tmp\bf2e54772645cde98bb60ca63765269a.jpg
INFO:root:delete file:.\image\tmp\p1391771959.66.jpg
INFO:root:delete file:.\image\tmp\p1399268395.47.jpg
INFO:root:delete file:.\image\tmp\p1488213971.jpg
INFO:root:delete file:.\image\tmp\p1665762739.jpg
INFO:root:delete file:.\image\tmp\p1949228542.jpg
INFO:root:delete file:.\image\tmp\p2213596760.jpg
INFO:root:delete file:.\image\tmp\p2213596778.jpg
INFO:root:delete file:.\image\tmp\p2213596790.jpg
INFO:root:delete file:.\image\tmp\p2213596822.jpg
INFO:root:delete file:.\image\tmp\p2561716440.jpg
INFO:root:delete file:.\image\tmp\p2581065129.jpg
INFO:root:delete file:.\image\tmp\p2585897495.jpg
INFO:root:delete file:.\image\tmp\p452855329.jpg
INFO:root:delete file:.\image\tmp\p46.jpg
INFO:root:delete file:.\image\tmp\p504397690.jpg
INFO:root:delete file:.\image\tmp\p939759533.jpg
INFO:root:delete file:.\image\tmp\p950669794.jpg
INFO:root:delete file:.\image\tmp\p956201863.jpg
INFO:root:success generate a pdf:./pdf/1291546-霸王别姬.pdf
WARNING:root:success dump file :{}
INFO:root:start parse :https://img3.doubanio.com/view/photo/s_ratio_poster/public/p2561716440.jpg
INFO:root:success download image:./image/tmp/p2561716440.jpg
INFO:root:start parse :https://img9.doubanio.com/view/personage/raw/public/3685fa15a484c50edce319b04cabd7d4.jpg
INFO:root:success download image:./image/tmp/3685fa15a484c50edce319b04cabd7d4.jpg
INFO:root:start parse :https://img2.doubanio.com/view/personage/raw/public/4dcccbb42e0faf11a57288ae6e4bc20f.jpg
INFO:root:success download image:./image/tmp/4dcccbb42e0faf11a57288ae6e4bc20f.jpg
INFO:root:start parse :https://img9.doubanio.com/view/celebrity/raw/public/p1391771959.66.jpg
INFO:root:success download image:./image/tmp/p1391771959.66.jpg
INFO:root:start parse :https://img1.doubanio.com/view/celebrity/raw/public/p1399268395.47.jpg
INFO:root:success download image:./image/tmp/p1399268395.47.jpg
INFO:root:start parse :https://img9.doubanio.com/view/celebrity/raw/public/p46.jpg
INFO:root:success download image:./image/tmp/p46.jpg
INFO:root:start parse :https://img1.doubanio.com/view/personage/raw/public/bf2e54772645cde98bb60ca63765269a.jpg
INFO:root:success download image:./image/tmp/bf2e54772645cde98bb60ca63765269a.jpg
INFO:root:start parse :https://img1.doubanio.com/view/photo/m/public/p1665762739.jpg
INFO:root:success download image:./image/tmp/p1665762739.jpg
INFO:root:start parse :https://img1.doubanio.com/view/photo/m/public/p2581065129.jpg
INFO:root:success download image:./image/tmp/p2581065129.jpg
INFO:root:start parse :https://img2.doubanio.com/view/photo/m/public/p1949228542.jpg
INFO:root:success download image:./image/tmp/p1949228542.jpg
INFO:root:start parse :https://img3.doubanio.com/view/photo/m/public/p504397690.jpg
INFO:root:success download image:./image/tmp/p504397690.jpg
INFO:root:start parse :https://img9.doubanio.com/view/photo/m/public/p950669794.jpg
INFO:root:success download image:./image/tmp/p950669794.jpg
INFO:root:image is alread exist:./image/tmp/p2561716440.jpg
INFO:root:start parse :https://img9.doubanio.com/view/photo/m/public/p2585897495.jpg
INFO:root:success download image:./image/tmp/p2585897495.jpg
INFO:root:start parse :https://img2.doubanio.com/view/photo/m/public/p956201863.jpg
INFO:root:success download image:./image/tmp/p956201863.jpg
INFO:root:start parse :https://img2.doubanio.com/view/photo/m/public/p939759533.jpg
INFO:root:success download image:./image/tmp/p939759533.jpg
INFO:root:start parse :https://img2.doubanio.com/view/photo/m/public/p1488213971.jpg
INFO:root:success download image:./image/tmp/p1488213971.jpg
INFO:root:start parse :https://img3.doubanio.com/view/photo/m/public/p2213596760.jpg
INFO:root:success download image:./image/tmp/p2213596760.jpg
INFO:root:start parse :https://img1.doubanio.com/view/photo/m/public/p2213596778.jpg
INFO:root:success download image:./image/tmp/p2213596778.jpg
INFO:root:start parse :https://img3.doubanio.com/view/photo/m/public/p2213596790.jpg
INFO:root:success download image:./image/tmp/p2213596790.jpg
INFO:root:start parse :https://img1.doubanio.com/view/photo/m/public/p452855329.jpg
INFO:root:success download image:./image/tmp/p452855329.jpg
INFO:root:start parse :https://img2.doubanio.com/view/photo/m/public/p2213596822.jpg
INFO:root:success download image:./image/tmp/p2213596822.jpg
INFO:root:delete file:.\image\tmp\3685fa15a484c50edce319b04cabd7d4.jpg
INFO:root:delete file:.\image\tmp\4dcccbb42e0faf11a57288ae6e4bc20f.jpg
INFO:root:delete file:.\image\tmp\bf2e54772645cde98bb60ca63765269a.jpg
INFO:root:delete file:.\image\tmp\p1391771959.66.jpg
INFO:root:delete file:.\image\tmp\p1399268395.47.jpg
INFO:root:delete file:.\image\tmp\p1488213971.jpg
INFO:root:delete file:.\image\tmp\p1665762739.jpg
INFO:root:delete file:.\image\tmp\p1949228542.jpg
INFO:root:delete file:.\image\tmp\p2213596760.jpg
INFO:root:delete file:.\image\tmp\p2213596778.jpg
INFO:root:delete file:.\image\tmp\p2213596790.jpg
INFO:root:delete file:.\image\tmp\p2213596822.jpg
INFO:root:delete file:.\image\tmp\p2561716440.jpg
INFO:root:delete file:.\image\tmp\p2581065129.jpg
INFO:root:delete file:.\image\tmp\p2585897495.jpg
INFO:root:delete file:.\image\tmp\p452855329.jpg
INFO:root:delete file:.\image\tmp\p46.jpg
INFO:root:delete file:.\image\tmp\p504397690.jpg
INFO:root:delete file:.\image\tmp\p939759533.jpg
INFO:root:delete file:.\image\tmp\p950669794.jpg
INFO:root:delete file:.\image\tmp\p956201863.jpg
INFO:root:success generate a pdf:./pdf/1291546-霸王别姬.pdf
INFO:root:start parse :https://img3.doubanio.com/view/photo/s_ratio_poster/public/p2561716440.jpg
INFO:root:success download image:./image/tmp/p2561716440.jpg
INFO:root:start parse :https://img9.doubanio.com/view/personage/raw/public/3685fa15a484c50edce319b04cabd7d4.jpg
INFO:root:success download image:./image/tmp/3685fa15a484c50edce319b04cabd7d4.jpg
INFO:root:start parse :https://img2.doubanio.com/view/personage/raw/public/4dcccbb42e0faf11a57288ae6e4bc20f.jpg
INFO:root:success download image:./image/tmp/4dcccbb42e0faf11a57288ae6e4bc20f.jpg
INFO:root:start parse :https://img9.doubanio.com/view/celebrity/raw/public/p1391771959.66.jpg
INFO:root:success download image:./image/tmp/p1391771959.66.jpg
INFO:root:start parse :https://img1.doubanio.com/view/celebrity/raw/public/p1399268395.47.jpg
INFO:root:success download image:./image/tmp/p1399268395.47.jpg
INFO:root:start parse :https://img9.doubanio.com/view/celebrity/raw/public/p46.jpg
INFO:root:success download image:./image/tmp/p46.jpg
INFO:root:start parse :https://img1.doubanio.com/view/personage/raw/public/bf2e54772645cde98bb60ca63765269a.jpg
INFO:root:success download image:./image/tmp/bf2e54772645cde98bb60ca63765269a.jpg
INFO:root:start parse :https://img1.doubanio.com/view/photo/m/public/p1665762739.jpg
INFO:root:success download image:./image/tmp/p1665762739.jpg
INFO:root:start parse :https://img1.doubanio.com/view/photo/m/public/p2581065129.jpg
INFO:root:success download image:./image/tmp/p2581065129.jpg
INFO:root:start parse :https://img2.doubanio.com/view/photo/m/public/p1949228542.jpg
INFO:root:success download image:./image/tmp/p1949228542.jpg
INFO:root:start parse :https://img3.doubanio.com/view/photo/m/public/p504397690.jpg
INFO:root:success download image:./image/tmp/p504397690.jpg
INFO:root:start parse :https://img9.doubanio.com/view/photo/m/public/p950669794.jpg
INFO:root:success download image:./image/tmp/p950669794.jpg
INFO:root:image is alread exist:./image/tmp/p2561716440.jpg
INFO:root:start parse :https://img9.doubanio.com/view/photo/m/public/p2585897495.jpg
INFO:root:success download image:./image/tmp/p2585897495.jpg
INFO:root:start parse :https://img2.doubanio.com/view/photo/m/public/p956201863.jpg
INFO:root:success download image:./image/tmp/p956201863.jpg
INFO:root:start parse :https://img2.doubanio.com/view/photo/m/public/p939759533.jpg
INFO:root:success download image:./image/tmp/p939759533.jpg
INFO:root:start parse :https://img2.doubanio.com/view/photo/m/public/p1488213971.jpg
INFO:root:success download image:./image/tmp/p1488213971.jpg
INFO:root:start parse :https://img3.doubanio.com/view/photo/m/public/p2213596760.jpg
INFO:root:success download image:./image/tmp/p2213596760.jpg
INFO:root:start parse :https://img1.doubanio.com/view/photo/m/public/p2213596778.jpg
INFO:root:success download image:./image/tmp/p2213596778.jpg
INFO:root:start parse :https://img3.doubanio.com/view/photo/m/public/p2213596790.jpg
INFO:root:success download image:./image/tmp/p2213596790.jpg
INFO:root:start parse :https://img1.doubanio.com/view/photo/m/public/p452855329.jpg
INFO:root:success download image:./image/tmp/p452855329.jpg
INFO:root:start parse :https://img2.doubanio.com/view/photo/m/public/p2213596822.jpg
INFO:root:success download image:./image/tmp/p2213596822.jpg
INFO:root:delete file:.\image\tmp\3685fa15a484c50edce319b04cabd7d4.jpg
INFO:root:delete file:.\image\tmp\4dcccbb42e0faf11a57288ae6e4bc20f.jpg
INFO:root:delete file:.\image\tmp\bf2e54772645cde98bb60ca63765269a.jpg
INFO:root:delete file:.\image\tmp\p1391771959.66.jpg
INFO:root:delete file:.\image\tmp\p1399268395.47.jpg
INFO:root:delete file:.\image\tmp\p1488213971.jpg
INFO:root:delete file:.\image\tmp\p1665762739.jpg
INFO:root:delete file:.\image\tmp\p1949228542.jpg
INFO:root:delete file:.\image\tmp\p2213596760.jpg
INFO:root:delete file:.\image\tmp\p2213596778.jpg
INFO:root:delete file:.\image\tmp\p2213596790.jpg
INFO:root:delete file:.\image\tmp\p2213596822.jpg
INFO:root:delete file:.\image\tmp\p2561716440.jpg
INFO:root:delete file:.\image\tmp\p2581065129.jpg
INFO:root:delete file:.\image\tmp\p2585897495.jpg
INFO:root:delete file:.\image\tmp\p452855329.jpg
INFO:root:delete file:.\image\tmp\p46.jpg
INFO:root:delete file:.\image\tmp\p504397690.jpg
INFO:root:delete file:.\image\tmp\p939759533.jpg
INFO:root:delete file:.\image\tmp\p950669794.jpg
INFO:root:delete file:.\image\tmp\p956201863.jpg
INFO:root:success generate a pdf:./pdf/1291546-霸王别姬.pdf
INFO:root:start parse :https://img3.doubanio.com/view/photo/s_ratio_poster/public/p2561716440.jpg
INFO:root:success download image:./image/tmp/p2561716440.jpg
INFO:root:start parse :https://img9.doubanio.com/view/personage/raw/public/3685fa15a484c50edce319b04cabd7d4.jpg
INFO:root:success download image:./image/tmp/3685fa15a484c50edce319b04cabd7d4.jpg
INFO:root:start parse :https://img2.doubanio.com/view/personage/raw/public/4dcccbb42e0faf11a57288ae6e4bc20f.jpg
INFO:root:success download image:./image/tmp/4dcccbb42e0faf11a57288ae6e4bc20f.jpg
INFO:root:start parse :https://img9.doubanio.com/view/celebrity/raw/public/p1391771959.66.jpg
INFO:root:success download image:./image/tmp/p1391771959.66.jpg
INFO:root:start parse :https://img1.doubanio.com/view/celebrity/raw/public/p1399268395.47.jpg
INFO:root:success download image:./image/tmp/p1399268395.47.jpg
INFO:root:start parse :https://img9.doubanio.com/view/celebrity/raw/public/p46.jpg
INFO:root:success download image:./image/tmp/p46.jpg
INFO:root:start parse :https://img1.doubanio.com/view/personage/raw/public/bf2e54772645cde98bb60ca63765269a.jpg
INFO:root:success download image:./image/tmp/bf2e54772645cde98bb60ca63765269a.jpg
INFO:root:image is alread exist:./image/tmp/3685fa15a484c50edce319b04cabd7d4.jpg
INFO:root:image is alread exist:./image/tmp/p2561716440.jpg
INFO:root:image is alread exist:./image/tmp/3685fa15a484c50edce319b04cabd7d4.jpg
INFO:root:image is alread exist:./image/tmp/4dcccbb42e0faf11a57288ae6e4bc20f.jpg
INFO:root:image is alread exist:./image/tmp/p1391771959.66.jpg
INFO:root:image is alread exist:./image/tmp/p1399268395.47.jpg
INFO:root:image is alread exist:./image/tmp/p46.jpg
INFO:root:image is alread exist:./image/tmp/bf2e54772645cde98bb60ca63765269a.jpg
INFO:root:start parse :https://img1.doubanio.com/view/photo/m/public/p1665762739.jpg
INFO:root:success download image:./image/tmp/p1665762739.jpg
INFO:root:start parse :https://img1.doubanio.com/view/photo/m/public/p2581065129.jpg
INFO:root:success download image:./image/tmp/p2581065129.jpg
INFO:root:start parse :https://img2.doubanio.com/view/photo/m/public/p1949228542.jpg
INFO:root:success download image:./image/tmp/p1949228542.jpg
INFO:root:start parse :https://img3.doubanio.com/view/photo/m/public/p504397690.jpg
INFO:root:success download image:./image/tmp/p504397690.jpg
INFO:root:start parse :https://img9.doubanio.com/view/photo/m/public/p950669794.jpg
INFO:root:success download image:./image/tmp/p950669794.jpg
INFO:root:image is alread exist:./image/tmp/p2561716440.jpg
INFO:root:image is alread exist:./image/tmp/3685fa15a484c50edce319b04cabd7d4.jpg
INFO:root:image is alread exist:./image/tmp/4dcccbb42e0faf11a57288ae6e4bc20f.jpg
INFO:root:image is alread exist:./image/tmp/p1391771959.66.jpg
INFO:root:image is alread exist:./image/tmp/p1399268395.47.jpg
INFO:root:image is alread exist:./image/tmp/p46.jpg
INFO:root:image is alread exist:./image/tmp/bf2e54772645cde98bb60ca63765269a.jpg
INFO:root:image is alread exist:./image/tmp/p1665762739.jpg
INFO:root:image is alread exist:./image/tmp/p2581065129.jpg
INFO:root:image is alread exist:./image/tmp/p1949228542.jpg
INFO:root:image is alread exist:./image/tmp/p504397690.jpg
INFO:root:image is alread exist:./image/tmp/p950669794.jpg
INFO:root:image is alread exist:./image/tmp/p2561716440.jpg
INFO:root:start parse :https://img9.doubanio.com/view/photo/m/public/p2585897495.jpg
INFO:root:success download image:./image/tmp/p2585897495.jpg
INFO:root:start parse :https://img2.doubanio.com/view/photo/m/public/p956201863.jpg
INFO:root:success download image:./image/tmp/p956201863.jpg
INFO:root:start parse :https://img2.doubanio.com/view/photo/m/public/p939759533.jpg
INFO:root:success download image:./image/tmp/p939759533.jpg
INFO:root:start parse :https://img2.doubanio.com/view/photo/m/public/p1488213971.jpg
INFO:root:success download image:./image/tmp/p1488213971.jpg
INFO:root:start parse :https://img3.doubanio.com/view/photo/m/public/p2213596760.jpg
INFO:root:success download image:./image/tmp/p2213596760.jpg
INFO:root:start parse :https://img1.doubanio.com/view/photo/m/public/p2213596778.jpg
INFO:root:success download image:./image/tmp/p2213596778.jpg
INFO:root:start parse :https://img3.doubanio.com/view/photo/m/public/p2213596790.jpg
INFO:root:success download image:./image/tmp/p2213596790.jpg
INFO:root:start parse :https://img1.doubanio.com/view/photo/m/public/p452855329.jpg
INFO:root:success download image:./image/tmp/p452855329.jpg
INFO:root:start parse :https://img2.doubanio.com/view/photo/m/public/p2213596822.jpg
INFO:root:success download image:./image/tmp/p2213596822.jpg
INFO:root:delete file:.\image\tmp\3685fa15a484c50edce319b04cabd7d4.jpg
INFO:root:delete file:.\image\tmp\4dcccbb42e0faf11a57288ae6e4bc20f.jpg
INFO:root:delete file:.\image\tmp\bf2e54772645cde98bb60ca63765269a.jpg
INFO:root:delete file:.\image\tmp\p1391771959.66.jpg
INFO:root:delete file:.\image\tmp\p1399268395.47.jpg
INFO:root:delete file:.\image\tmp\p1488213971.jpg
INFO:root:delete file:.\image\tmp\p1665762739.jpg
INFO:root:delete file:.\image\tmp\p1949228542.jpg
INFO:root:delete file:.\image\tmp\p2213596760.jpg
INFO:root:delete file:.\image\tmp\p2213596778.jpg
INFO:root:delete file:.\image\tmp\p2213596790.jpg
INFO:root:delete file:.\image\tmp\p2213596822.jpg
INFO:root:delete file:.\image\tmp\p2561716440.jpg
INFO:root:delete file:.\image\tmp\p2581065129.jpg
INFO:root:delete file:.\image\tmp\p2585897495.jpg
INFO:root:delete file:.\image\tmp\p452855329.jpg
INFO:root:delete file:.\image\tmp\p46.jpg
INFO:root:delete file:.\image\tmp\p504397690.jpg
INFO:root:delete file:.\image\tmp\p939759533.jpg
INFO:root:delete file:.\image\tmp\p950669794.jpg
INFO:root:delete file:.\image\tmp\p956201863.jpg
INFO:root:success generate a pdf:./pdf/1291546-霸王别姬.pdf
INFO:root:start parse :https://img3.doubanio.com/view/photo/s_ratio_poster/public/p2561716440.jpg
INFO:root:success download image:./image/tmp/p2561716440.jpg
INFO:root:start parse :https://img9.doubanio.com/view/personage/raw/public/3685fa15a484c50edce319b04cabd7d4.jpg
INFO:root:success download image:./image/tmp/3685fa15a484c50edce319b04cabd7d4.jpg
INFO:root:start parse :https://img2.doubanio.com/view/personage/raw/public/4dcccbb42e0faf11a57288ae6e4bc20f.jpg
INFO:root:success download image:./image/tmp/4dcccbb42e0faf11a57288ae6e4bc20f.jpg
INFO:root:start parse :https://img9.doubanio.com/view/celebrity/raw/public/p1391771959.66.jpg
INFO:root:success download image:./image/tmp/p1391771959.66.jpg
INFO:root:start parse :https://img1.doubanio.com/view/celebrity/raw/public/p1399268395.47.jpg
INFO:root:success download image:./image/tmp/p1399268395.47.jpg
INFO:root:start parse :https://img9.doubanio.com/view/celebrity/raw/public/p46.jpg
INFO:root:success download image:./image/tmp/p46.jpg
INFO:root:start parse :https://img1.doubanio.com/view/personage/raw/public/bf2e54772645cde98bb60ca63765269a.jpg
INFO:root:success download image:./image/tmp/bf2e54772645cde98bb60ca63765269a.jpg
INFO:root:start parse :https://img1.doubanio.com/view/photo/m/public/p1665762739.jpg
INFO:root:success download image:./image/tmp/p1665762739.jpg
INFO:root:start parse :https://img1.doubanio.com/view/photo/m/public/p2581065129.jpg
INFO:root:success download image:./image/tmp/p2581065129.jpg
INFO:root:start parse :https://img2.doubanio.com/view/photo/m/public/p1949228542.jpg
INFO:root:success download image:./image/tmp/p1949228542.jpg
INFO:root:start parse :https://img3.doubanio.com/view/photo/m/public/p504397690.jpg
INFO:root:success download image:./image/tmp/p504397690.jpg
INFO:root:start parse :https://img9.doubanio.com/view/photo/m/public/p950669794.jpg
INFO:root:success download image:./image/tmp/p950669794.jpg
INFO:root:image is alread exist:./image/tmp/p2561716440.jpg
INFO:root:start parse :https://img9.doubanio.com/view/photo/m/public/p2585897495.jpg
INFO:root:success download image:./image/tmp/p2585897495.jpg
INFO:root:start parse :https://img2.doubanio.com/view/photo/m/public/p956201863.jpg
INFO:root:success download image:./image/tmp/p956201863.jpg
INFO:root:start parse :https://img2.doubanio.com/view/photo/m/public/p939759533.jpg
INFO:root:success download image:./image/tmp/p939759533.jpg
INFO:root:start parse :https://img2.doubanio.com/view/photo/m/public/p1488213971.jpg
INFO:root:success download image:./image/tmp/p1488213971.jpg
INFO:root:start parse :https://img3.doubanio.com/view/photo/m/public/p2213596760.jpg
INFO:root:success download image:./image/tmp/p2213596760.jpg
INFO:root:start parse :https://img1.doubanio.com/view/photo/m/public/p2213596778.jpg
INFO:root:success download image:./image/tmp/p2213596778.jpg
INFO:root:start parse :https://img3.doubanio.com/view/photo/m/public/p2213596790.jpg
INFO:root:success download image:./image/tmp/p2213596790.jpg
INFO:root:start parse :https://img1.doubanio.com/view/photo/m/public/p452855329.jpg
INFO:root:success download image:./image/tmp/p452855329.jpg
INFO:root:start parse :https://img2.doubanio.com/view/photo/m/public/p2213596822.jpg
INFO:root:success download image:./image/tmp/p2213596822.jpg
INFO:root:image is alread exist:./image/tmp/p2561716440.jpg
INFO:root:image is alread exist:./image/tmp/3685fa15a484c50edce319b04cabd7d4.jpg
INFO:root:image is alread exist:./image/tmp/4dcccbb42e0faf11a57288ae6e4bc20f.jpg
INFO:root:image is alread exist:./image/tmp/p1391771959.66.jpg
INFO:root:image is alread exist:./image/tmp/p1399268395.47.jpg
INFO:root:image is alread exist:./image/tmp/p46.jpg
INFO:root:image is alread exist:./image/tmp/bf2e54772645cde98bb60ca63765269a.jpg
INFO:root:image is alread exist:./image/tmp/p1665762739.jpg
INFO:root:image is alread exist:./image/tmp/p2581065129.jpg
INFO:root:image is alread exist:./image/tmp/p1949228542.jpg
INFO:root:image is alread exist:./image/tmp/p504397690.jpg
INFO:root:image is alread exist:./image/tmp/p950669794.jpg
INFO:root:image is alread exist:./image/tmp/p2561716440.jpg
INFO:root:image is alread exist:./image/tmp/p2585897495.jpg
INFO:root:image is alread exist:./image/tmp/p956201863.jpg
INFO:root:image is alread exist:./image/tmp/p939759533.jpg
INFO:root:image is alread exist:./image/tmp/p1488213971.jpg
INFO:root:image is alread exist:./image/tmp/p2213596760.jpg
INFO:root:image is alread exist:./image/tmp/p2213596778.jpg
INFO:root:image is alread exist:./image/tmp/p2213596790.jpg
INFO:root:image is alread exist:./image/tmp/p452855329.jpg
INFO:root:image is alread exist:./image/tmp/p2213596822.jpg
INFO:root:delete file:.\image\tmp\3685fa15a484c50edce319b04cabd7d4.jpg
INFO:root:delete file:.\image\tmp\4dcccbb42e0faf11a57288ae6e4bc20f.jpg
INFO:root:delete file:.\image\tmp\bf2e54772645cde98bb60ca63765269a.jpg
INFO:root:delete file:.\image\tmp\p1391771959.66.jpg
INFO:root:delete file:.\image\tmp\p1399268395.47.jpg
INFO:root:delete file:.\image\tmp\p1488213971.jpg
INFO:root:delete file:.\image\tmp\p1665762739.jpg
INFO:root:delete file:.\image\tmp\p1949228542.jpg
INFO:root:delete file:.\image\tmp\p2213596760.jpg
INFO:root:delete file:.\image\tmp\p2213596778.jpg
INFO:root:delete file:.\image\tmp\p2213596790.jpg
INFO:root:delete file:.\image\tmp\p2213596822.jpg
INFO:root:delete file:.\image\tmp\p2561716440.jpg
INFO:root:delete file:.\image\tmp\p2581065129.jpg
INFO:root:delete file:.\image\tmp\p2585897495.jpg
INFO:root:delete file:.\image\tmp\p452855329.jpg
INFO:root:delete file:.\image\tmp\p46.jpg
INFO:root:delete file:.\image\tmp\p504397690.jpg
INFO:root:delete file:.\image\tmp\p939759533.jpg
INFO:root:delete file:.\image\tmp\p950669794.jpg
INFO:root:delete file:.\image\tmp\p956201863.jpg
INFO:root:success generate a pdf:./pdf/1291546-霸王别姬.pdf
INFO:root:start parse :https://img3.doubanio.com/view/photo/s_ratio_poster/public/p2561716440.jpg
INFO:root:success download image:./image/tmp/p2561716440.jpg
INFO:root:start parse :https://img9.doubanio.com/view/personage/raw/public/3685fa15a484c50edce319b04cabd7d4.jpg
INFO:root:success download image:./image/tmp/3685fa15a484c50edce319b04cabd7d4.jpg
INFO:root:start parse :https://img2.doubanio.com/view/personage/raw/public/4dcccbb42e0faf11a57288ae6e4bc20f.jpg
INFO:root:success download image:./image/tmp/4dcccbb42e0faf11a57288ae6e4bc20f.jpg
INFO:root:start parse :https://img9.doubanio.com/view/celebrity/raw/public/p1391771959.66.jpg
INFO:root:success download image:./image/tmp/p1391771959.66.jpg
INFO:root:start parse :https://img1.doubanio.com/view/celebrity/raw/public/p1399268395.47.jpg
INFO:root:success download image:./image/tmp/p1399268395.47.jpg
INFO:root:start parse :https://img9.doubanio.com/view/celebrity/raw/public/p46.jpg
INFO:root:success download image:./image/tmp/p46.jpg
INFO:root:start parse :https://img1.doubanio.com/view/personage/raw/public/bf2e54772645cde98bb60ca63765269a.jpg
INFO:root:success download image:./image/tmp/bf2e54772645cde98bb60ca63765269a.jpg
INFO:root:start parse :https://img1.doubanio.com/view/photo/m/public/p1665762739.jpg
INFO:root:success download image:./image/tmp/p1665762739.jpg
INFO:root:start parse :https://img1.doubanio.com/view/photo/m/public/p2581065129.jpg
INFO:root:success download image:./image/tmp/p2581065129.jpg
INFO:root:image is alread exist:./image/tmp/p2561716440.jpg
INFO:root:start parse :https://img9.doubanio.com/view/photo/m/public/p2585897495.jpg
INFO:root:success download image:./image/tmp/p2585897495.jpg
INFO:root:start parse :https://img3.doubanio.com/view/photo/m/public/p2213596760.jpg
INFO:root:success download image:./image/tmp/p2213596760.jpg
INFO:root:start parse :https://img1.doubanio.com/view/photo/m/public/p2213596778.jpg
INFO:root:success download image:./image/tmp/p2213596778.jpg
INFO:root:delete file:.\image\tmp\3685fa15a484c50edce319b04cabd7d4.jpg
INFO:root:delete file:.\image\tmp\4dcccbb42e0faf11a57288ae6e4bc20f.jpg
INFO:root:delete file:.\image\tmp\bf2e54772645cde98bb60ca63765269a.jpg
INFO:root:delete file:.\image\tmp\p1391771959.66.jpg
INFO:root:delete file:.\image\tmp\p1399268395.47.jpg
INFO:root:delete file:.\image\tmp\p1665762739.jpg
INFO:root:delete file:.\image\tmp\p2213596760.jpg
INFO:root:delete file:.\image\tmp\p2213596778.jpg
INFO:root:delete file:.\image\tmp\p2561716440.jpg
INFO:root:delete file:.\image\tmp\p2581065129.jpg
INFO:root:delete file:.\image\tmp\p2585897495.jpg
INFO:root:delete file:.\image\tmp\p46.jpg
INFO:root:success generate a pdf:./pdf/1291546-霸王别姬.pdf
INFO:root:start parse :https://img3.doubanio.com/view/photo/s_ratio_poster/public/p2561716440.jpg
INFO:root:success download image:./image/tmp/p2561716440.jpg
INFO:root:start parse :https://img9.doubanio.com/view/personage/raw/public/3685fa15a484c50edce319b04cabd7d4.jpg
INFO:root:success download image:./image/tmp/3685fa15a484c50edce319b04cabd7d4.jpg
INFO:root:start parse :https://img2.doubanio.com/view/personage/raw/public/4dcccbb42e0faf11a57288ae6e4bc20f.jpg
INFO:root:success download image:./image/tmp/4dcccbb42e0faf11a57288ae6e4bc20f.jpg
INFO:root:start parse :https://img9.doubanio.com/view/celebrity/raw/public/p1391771959.66.jpg
INFO:root:success download image:./image/tmp/p1391771959.66.jpg
INFO:root:start parse :https://img1.doubanio.com/view/celebrity/raw/public/p1399268395.47.jpg
INFO:root:success download image:./image/tmp/p1399268395.47.jpg
INFO:root:start parse :https://img9.doubanio.com/view/celebrity/raw/public/p46.jpg
INFO:root:success download image:./image/tmp/p46.jpg
INFO:root:start parse :https://img1.doubanio.com/view/personage/raw/public/bf2e54772645cde98bb60ca63765269a.jpg
INFO:root:success download image:./image/tmp/bf2e54772645cde98bb60ca63765269a.jpg
INFO:root:image is alread exist:./image/tmp/p2561716440.jpg
INFO:root:image is alread exist:./image/tmp/3685fa15a484c50edce319b04cabd7d4.jpg
INFO:root:image is alread exist:./image/tmp/4dcccbb42e0faf11a57288ae6e4bc20f.jpg
INFO:root:image is alread exist:./image/tmp/p1391771959.66.jpg
INFO:root:image is alread exist:./image/tmp/p1399268395.47.jpg
INFO:root:image is alread exist:./image/tmp/p46.jpg
INFO:root:image is alread exist:./image/tmp/bf2e54772645cde98bb60ca63765269a.jpg
INFO:root:start parse :https://img1.doubanio.com/view/photo/m/public/p1665762739.jpg
INFO:root:success download image:./image/tmp/p1665762739.jpg
INFO:root:start parse :https://img1.doubanio.com/view/photo/m/public/p2581065129.jpg
INFO:root:success download image:./image/tmp/p2581065129.jpg
INFO:root:start parse :https://img2.doubanio.com/view/photo/m/public/p1949228542.jpg
INFO:root:success download image:./image/tmp/p1949228542.jpg
INFO:root:image is alread exist:./image/tmp/p2561716440.jpg
INFO:root:start parse :https://img9.doubanio.com/view/photo/m/public/p2585897495.jpg
INFO:root:success download image:./image/tmp/p2585897495.jpg
INFO:root:start parse :https://img2.doubanio.com/view/photo/m/public/p956201863.jpg
INFO:root:success download image:./image/tmp/p956201863.jpg
INFO:root:start parse :https://img3.doubanio.com/view/photo/m/public/p2213596760.jpg
INFO:root:success download image:./image/tmp/p2213596760.jpg
INFO:root:start parse :https://img1.doubanio.com/view/photo/m/public/p2213596778.jpg
INFO:root:success download image:./image/tmp/p2213596778.jpg
INFO:root:start parse :https://img3.doubanio.com/view/photo/m/public/p2213596790.jpg
INFO:root:success download image:./image/tmp/p2213596790.jpg
INFO:root:delete file:.\image\tmp\3685fa15a484c50edce319b04cabd7d4.jpg
INFO:root:delete file:.\image\tmp\4dcccbb42e0faf11a57288ae6e4bc20f.jpg
INFO:root:delete file:.\image\tmp\bf2e54772645cde98bb60ca63765269a.jpg
INFO:root:delete file:.\image\tmp\p1391771959.66.jpg
INFO:root:delete file:.\image\tmp\p1399268395.47.jpg
INFO:root:delete file:.\image\tmp\p1665762739.jpg
INFO:root:delete file:.\image\tmp\p1949228542.jpg
INFO:root:delete file:.\image\tmp\p2213596760.jpg
INFO:root:delete file:.\image\tmp\p2213596778.jpg
INFO:root:delete file:.\image\tmp\p2213596790.jpg
INFO:root:delete file:.\image\tmp\p2561716440.jpg
INFO:root:delete file:.\image\tmp\p2581065129.jpg
INFO:root:delete file:.\image\tmp\p2585897495.jpg
INFO:root:delete file:.\image\tmp\p46.jpg
INFO:root:delete file:.\image\tmp\p956201863.jpg
INFO:root:success generate a pdf:./pdf/1291546-霸王别姬.pdf
INFO:root:start parse :https://img3.doubanio.com/view/photo/s_ratio_poster/public/p2561716440.jpg
INFO:root:success download image:./image/tmp/p2561716440.jpg
INFO:root:start parse :https://img9.doubanio.com/view/personage/raw/public/3685fa15a484c50edce319b04cabd7d4.jpg
INFO:root:success download image:./image/tmp/3685fa15a484c50edce319b04cabd7d4.jpg
INFO:root:start parse :https://img2.doubanio.com/view/personage/raw/public/4dcccbb42e0faf11a57288ae6e4bc20f.jpg
INFO:root:success download image:./image/tmp/4dcccbb42e0faf11a57288ae6e4bc20f.jpg
INFO:root:start parse :https://img9.doubanio.com/view/celebrity/raw/public/p1391771959.66.jpg
INFO:root:success download image:./image/tmp/p1391771959.66.jpg
INFO:root:start parse :https://img1.doubanio.com/view/celebrity/raw/public/p1399268395.47.jpg
INFO:root:success download image:./image/tmp/p1399268395.47.jpg
INFO:root:start parse :https://img9.doubanio.com/view/celebrity/raw/public/p46.jpg
INFO:root:success download image:./image/tmp/p46.jpg
INFO:root:start parse :https://img1.doubanio.com/view/personage/raw/public/bf2e54772645cde98bb60ca63765269a.jpg
INFO:root:success download image:./image/tmp/bf2e54772645cde98bb60ca63765269a.jpg
INFO:root:start parse :https://img1.doubanio.com/view/photo/m/public/p1665762739.jpg
INFO:root:success download image:./image/tmp/p1665762739.jpg
INFO:root:start parse :https://img1.doubanio.com/view/photo/m/public/p2581065129.jpg
INFO:root:success download image:./image/tmp/p2581065129.jpg
INFO:root:start parse :https://img2.doubanio.com/view/photo/m/public/p1949228542.jpg
INFO:root:success download image:./image/tmp/p1949228542.jpg
INFO:root:image is alread exist:./image/tmp/p2561716440.jpg
INFO:root:start parse :https://img9.doubanio.com/view/photo/m/public/p2585897495.jpg
INFO:root:success download image:./image/tmp/p2585897495.jpg
INFO:root:start parse :https://img2.doubanio.com/view/photo/m/public/p956201863.jpg
INFO:root:success download image:./image/tmp/p956201863.jpg
INFO:root:start parse :https://img3.doubanio.com/view/photo/m/public/p2213596760.jpg
INFO:root:success download image:./image/tmp/p2213596760.jpg
INFO:root:start parse :https://img1.doubanio.com/view/photo/m/public/p2213596778.jpg
INFO:root:success download image:./image/tmp/p2213596778.jpg
INFO:root:start parse :https://img3.doubanio.com/view/photo/m/public/p2213596790.jpg
INFO:root:success download image:./image/tmp/p2213596790.jpg
INFO:root:delete file:.\image\tmp\3685fa15a484c50edce319b04cabd7d4.jpg
INFO:root:delete file:.\image\tmp\4dcccbb42e0faf11a57288ae6e4bc20f.jpg
INFO:root:delete file:.\image\tmp\bf2e54772645cde98bb60ca63765269a.jpg
INFO:root:delete file:.\image\tmp\p1391771959.66.jpg
INFO:root:delete file:.\image\tmp\p1399268395.47.jpg
INFO:root:delete file:.\image\tmp\p1665762739.jpg
INFO:root:delete file:.\image\tmp\p1949228542.jpg
INFO:root:delete file:.\image\tmp\p2213596760.jpg
INFO:root:delete file:.\image\tmp\p2213596778.jpg
INFO:root:delete file:.\image\tmp\p2213596790.jpg
INFO:root:delete file:.\image\tmp\p2561716440.jpg
INFO:root:delete file:.\image\tmp\p2581065129.jpg
INFO:root:delete file:.\image\tmp\p2585897495.jpg
INFO:root:delete file:.\image\tmp\p46.jpg
INFO:root:delete file:.\image\tmp\p956201863.jpg
INFO:root:success generate a pdf:./pdf/1291546-霸王别姬.pdf
INFO:root:start parse :https://img3.doubanio.com/view/photo/s_ratio_poster/public/p2561716440.jpg
INFO:root:success download image:./image/tmp/p2561716440.jpg
INFO:root:start parse :https://img9.doubanio.com/view/personage/raw/public/3685fa15a484c50edce319b04cabd7d4.jpg
INFO:root:success download image:./image/tmp/3685fa15a484c50edce319b04cabd7d4.jpg
INFO:root:start parse :https://img2.doubanio.com/view/personage/raw/public/4dcccbb42e0faf11a57288ae6e4bc20f.jpg
INFO:root:success download image:./image/tmp/4dcccbb42e0faf11a57288ae6e4bc20f.jpg
INFO:root:start parse :https://img9.doubanio.com/view/celebrity/raw/public/p1391771959.66.jpg
INFO:root:success download image:./image/tmp/p1391771959.66.jpg
INFO:root:start parse :https://img1.doubanio.com/view/celebrity/raw/public/p1399268395.47.jpg
INFO:root:success download image:./image/tmp/p1399268395.47.jpg
INFO:root:start parse :https://img9.doubanio.com/view/celebrity/raw/public/p46.jpg
INFO:root:success download image:./image/tmp/p46.jpg
INFO:root:start parse :https://img1.doubanio.com/view/personage/raw/public/bf2e54772645cde98bb60ca63765269a.jpg
INFO:root:success download image:./image/tmp/bf2e54772645cde98bb60ca63765269a.jpg
INFO:root:start parse :https://img1.doubanio.com/view/photo/m/public/p1665762739.jpg
INFO:root:success download image:./image/tmp/p1665762739.jpg
INFO:root:start parse :https://img1.doubanio.com/view/photo/m/public/p2581065129.jpg
INFO:root:success download image:./image/tmp/p2581065129.jpg
INFO:root:start parse :https://img2.doubanio.com/view/photo/m/public/p1949228542.jpg
INFO:root:success download image:./image/tmp/p1949228542.jpg
INFO:root:image is alread exist:./image/tmp/p2561716440.jpg
INFO:root:start parse :https://img9.doubanio.com/view/photo/m/public/p2585897495.jpg
INFO:root:success download image:./image/tmp/p2585897495.jpg
INFO:root:start parse :https://img2.doubanio.com/view/photo/m/public/p956201863.jpg
INFO:root:success download image:./image/tmp/p956201863.jpg
INFO:root:start parse :https://img3.doubanio.com/view/photo/m/public/p2213596760.jpg
INFO:root:success download image:./image/tmp/p2213596760.jpg
INFO:root:start parse :https://img1.doubanio.com/view/photo/m/public/p2213596778.jpg
INFO:root:success download image:./image/tmp/p2213596778.jpg
INFO:root:start parse :https://img3.doubanio.com/view/photo/m/public/p2213596790.jpg
INFO:root:success download image:./image/tmp/p2213596790.jpg
INFO:root:delete file:.\image\tmp\3685fa15a484c50edce319b04cabd7d4.jpg
INFO:root:delete file:.\image\tmp\4dcccbb42e0faf11a57288ae6e4bc20f.jpg
INFO:root:delete file:.\image\tmp\bf2e54772645cde98bb60ca63765269a.jpg
INFO:root:delete file:.\image\tmp\p1391771959.66.jpg
INFO:root:delete file:.\image\tmp\p1399268395.47.jpg
INFO:root:delete file:.\image\tmp\p1665762739.jpg
INFO:root:delete file:.\image\tmp\p1949228542.jpg
INFO:root:delete file:.\image\tmp\p2213596760.jpg
INFO:root:delete file:.\image\tmp\p2213596778.jpg
INFO:root:delete file:.\image\tmp\p2213596790.jpg
INFO:root:delete file:.\image\tmp\p2561716440.jpg
INFO:root:delete file:.\image\tmp\p2581065129.jpg
INFO:root:delete file:.\image\tmp\p2585897495.jpg
INFO:root:delete file:.\image\tmp\p46.jpg
INFO:root:delete file:.\image\tmp\p956201863.jpg
INFO:root:success generate a pdf:./pdf/1291546-霸王别姬.pdf
INFO:root:start parse :https://img3.doubanio.com/view/photo/s_ratio_poster/public/p2561716440.jpg
INFO:root:success download image:./image/tmp/p2561716440.jpg
INFO:root:start parse :https://img9.doubanio.com/view/personage/raw/public/3685fa15a484c50edce319b04cabd7d4.jpg
INFO:root:success download image:./image/tmp/3685fa15a484c50edce319b04cabd7d4.jpg
INFO:root:start parse :https://img2.doubanio.com/view/personage/raw/public/4dcccbb42e0faf11a57288ae6e4bc20f.jpg
INFO:root:success download image:./image/tmp/4dcccbb42e0faf11a57288ae6e4bc20f.jpg
INFO:root:start parse :https://img9.doubanio.com/view/celebrity/raw/public/p1391771959.66.jpg
INFO:root:success download image:./image/tmp/p1391771959.66.jpg
INFO:root:start parse :https://img1.doubanio.com/view/celebrity/raw/public/p1399268395.47.jpg
INFO:root:success download image:./image/tmp/p1399268395.47.jpg
INFO:root:start parse :https://img9.doubanio.com/view/celebrity/raw/public/p46.jpg
INFO:root:success download image:./image/tmp/p46.jpg
INFO:root:start parse :https://img1.doubanio.com/view/personage/raw/public/bf2e54772645cde98bb60ca63765269a.jpg
INFO:root:success download image:./image/tmp/bf2e54772645cde98bb60ca63765269a.jpg
INFO:root:image is alread exist:./image/tmp/p2561716440.jpg
INFO:root:image is alread exist:./image/tmp/3685fa15a484c50edce319b04cabd7d4.jpg
INFO:root:image is alread exist:./image/tmp/4dcccbb42e0faf11a57288ae6e4bc20f.jpg
INFO:root:image is alread exist:./image/tmp/p1391771959.66.jpg
INFO:root:image is alread exist:./image/tmp/p1399268395.47.jpg
INFO:root:image is alread exist:./image/tmp/p46.jpg
INFO:root:image is alread exist:./image/tmp/bf2e54772645cde98bb60ca63765269a.jpg
INFO:root:image is alread exist:./image/tmp/p2561716440.jpg
INFO:root:image is alread exist:./image/tmp/3685fa15a484c50edce319b04cabd7d4.jpg
INFO:root:image is alread exist:./image/tmp/4dcccbb42e0faf11a57288ae6e4bc20f.jpg
INFO:root:image is alread exist:./image/tmp/p1391771959.66.jpg
INFO:root:image is alread exist:./image/tmp/p1399268395.47.jpg
INFO:root:image is alread exist:./image/tmp/p46.jpg
INFO:root:image is alread exist:./image/tmp/bf2e54772645cde98bb60ca63765269a.jpg
INFO:root:start parse :https://img1.doubanio.com/view/photo/m/public/p1665762739.jpg
INFO:root:success download image:./image/tmp/p1665762739.jpg
INFO:root:start parse :https://img1.doubanio.com/view/photo/m/public/p2581065129.jpg
INFO:root:success download image:./image/tmp/p2581065129.jpg
INFO:root:start parse :https://img2.doubanio.com/view/photo/m/public/p1949228542.jpg
INFO:root:success download image:./image/tmp/p1949228542.jpg
INFO:root:image is alread exist:./image/tmp/p2561716440.jpg
INFO:root:start parse :https://img9.doubanio.com/view/photo/m/public/p2585897495.jpg
INFO:root:success download image:./image/tmp/p2585897495.jpg
INFO:root:start parse :https://img2.doubanio.com/view/photo/m/public/p956201863.jpg
INFO:root:success download image:./image/tmp/p956201863.jpg
INFO:root:start parse :https://img3.doubanio.com/view/photo/m/public/p2213596760.jpg
INFO:root:success download image:./image/tmp/p2213596760.jpg
INFO:root:start parse :https://img1.doubanio.com/view/photo/m/public/p2213596778.jpg
INFO:root:success download image:./image/tmp/p2213596778.jpg
INFO:root:start parse :https://img3.doubanio.com/view/photo/m/public/p2213596790.jpg
INFO:root:success download image:./image/tmp/p2213596790.jpg
INFO:root:delete file:.\image\tmp\3685fa15a484c50edce319b04cabd7d4.jpg
INFO:root:delete file:.\image\tmp\4dcccbb42e0faf11a57288ae6e4bc20f.jpg
INFO:root:delete file:.\image\tmp\bf2e54772645cde98bb60ca63765269a.jpg
INFO:root:delete file:.\image\tmp\p1391771959.66.jpg
INFO:root:delete file:.\image\tmp\p1399268395.47.jpg
INFO:root:delete file:.\image\tmp\p1665762739.jpg
INFO:root:delete file:.\image\tmp\p1949228542.jpg
INFO:root:delete file:.\image\tmp\p2213596760.jpg
INFO:root:delete file:.\image\tmp\p2213596778.jpg
INFO:root:delete file:.\image\tmp\p2213596790.jpg
INFO:root:delete file:.\image\tmp\p2561716440.jpg
INFO:root:delete file:.\image\tmp\p2581065129.jpg
INFO:root:delete file:.\image\tmp\p2585897495.jpg
INFO:root:delete file:.\image\tmp\p46.jpg
INFO:root:delete file:.\image\tmp\p956201863.jpg
INFO:root:success generate a pdf:./pdf/1291546-霸王别姬.pdf
INFO:root:start parse :https://img3.doubanio.com/view/photo/s_ratio_poster/public/p2561716440.jpg
INFO:root:success download image:./image/tmp/p2561716440.jpg
INFO:root:start parse :https://img9.doubanio.com/view/personage/raw/public/3685fa15a484c50edce319b04cabd7d4.jpg
INFO:root:success download image:./image/tmp/3685fa15a484c50edce319b04cabd7d4.jpg
INFO:root:start parse :https://img2.doubanio.com/view/personage/raw/public/4dcccbb42e0faf11a57288ae6e4bc20f.jpg
INFO:root:success download image:./image/tmp/4dcccbb42e0faf11a57288ae6e4bc20f.jpg
INFO:root:start parse :https://img9.doubanio.com/view/celebrity/raw/public/p1391771959.66.jpg
INFO:root:success download image:./image/tmp/p1391771959.66.jpg
INFO:root:start parse :https://img1.doubanio.com/view/celebrity/raw/public/p1399268395.47.jpg
INFO:root:success download image:./image/tmp/p1399268395.47.jpg
INFO:root:start parse :https://img9.doubanio.com/view/celebrity/raw/public/p46.jpg
INFO:root:success download image:./image/tmp/p46.jpg
INFO:root:start parse :https://img1.doubanio.com/view/personage/raw/public/bf2e54772645cde98bb60ca63765269a.jpg
INFO:root:success download image:./image/tmp/bf2e54772645cde98bb60ca63765269a.jpg
INFO:root:start parse :https://img1.doubanio.com/view/photo/m/public/p1665762739.jpg
INFO:root:success download image:./image/tmp/p1665762739.jpg
INFO:root:start parse :https://img1.doubanio.com/view/photo/m/public/p2581065129.jpg
INFO:root:success download image:./image/tmp/p2581065129.jpg
INFO:root:start parse :https://img2.doubanio.com/view/photo/m/public/p1949228542.jpg
INFO:root:success download image:./image/tmp/p1949228542.jpg
INFO:root:image is alread exist:./image/tmp/p2561716440.jpg
INFO:root:start parse :https://img9.doubanio.com/view/photo/m/public/p2585897495.jpg
INFO:root:success download image:./image/tmp/p2585897495.jpg
INFO:root:start parse :https://img2.doubanio.com/view/photo/m/public/p956201863.jpg
INFO:root:success download image:./image/tmp/p956201863.jpg
INFO:root:start parse :https://img3.doubanio.com/view/photo/m/public/p2213596760.jpg
INFO:root:success download image:./image/tmp/p2213596760.jpg
INFO:root:start parse :https://img1.doubanio.com/view/photo/m/public/p2213596778.jpg
INFO:root:success download image:./image/tmp/p2213596778.jpg
INFO:root:start parse :https://img3.doubanio.com/view/photo/m/public/p2213596790.jpg
INFO:root:success download image:./image/tmp/p2213596790.jpg
INFO:root:delete file:.\image\tmp\3685fa15a484c50edce319b04cabd7d4.jpg
INFO:root:delete file:.\image\tmp\4dcccbb42e0faf11a57288ae6e4bc20f.jpg
INFO:root:delete file:.\image\tmp\bf2e54772645cde98bb60ca63765269a.jpg
INFO:root:delete file:.\image\tmp\p1391771959.66.jpg
INFO:root:delete file:.\image\tmp\p1399268395.47.jpg
INFO:root:delete file:.\image\tmp\p1665762739.jpg
INFO:root:delete file:.\image\tmp\p1949228542.jpg
INFO:root:delete file:.\image\tmp\p2213596760.jpg
INFO:root:delete file:.\image\tmp\p2213596778.jpg
INFO:root:delete file:.\image\tmp\p2213596790.jpg
INFO:root:delete file:.\image\tmp\p2561716440.jpg
INFO:root:delete file:.\image\tmp\p2581065129.jpg
INFO:root:delete file:.\image\tmp\p2585897495.jpg
INFO:root:delete file:.\image\tmp\p46.jpg
INFO:root:delete file:.\image\tmp\p956201863.jpg
INFO:root:success generate a pdf:./pdf/1291546-霸王别姬.pdf
INFO:root:start parse :https://img3.doubanio.com/view/photo/s_ratio_poster/public/p2561716440.jpg
INFO:root:success download image:./image/tmp/p2561716440.jpg
INFO:root:start parse :https://img9.doubanio.com/view/personage/raw/public/3685fa15a484c50edce319b04cabd7d4.jpg
INFO:root:success download image:./image/tmp/3685fa15a484c50edce319b04cabd7d4.jpg
INFO:root:start parse :https://img2.doubanio.com/view/personage/raw/public/4dcccbb42e0faf11a57288ae6e4bc20f.jpg
INFO:root:success download image:./image/tmp/4dcccbb42e0faf11a57288ae6e4bc20f.jpg
INFO:root:start parse :https://img9.doubanio.com/view/celebrity/raw/public/p1391771959.66.jpg
INFO:root:success download image:./image/tmp/p1391771959.66.jpg
INFO:root:start parse :https://img1.doubanio.com/view/celebrity/raw/public/p1399268395.47.jpg
INFO:root:success download image:./image/tmp/p1399268395.47.jpg
INFO:root:start parse :https://img9.doubanio.com/view/celebrity/raw/public/p46.jpg
INFO:root:success download image:./image/tmp/p46.jpg
INFO:root:start parse :https://img1.doubanio.com/view/personage/raw/public/bf2e54772645cde98bb60ca63765269a.jpg
INFO:root:success download image:./image/tmp/bf2e54772645cde98bb60ca63765269a.jpg
INFO:root:start parse :https://img1.doubanio.com/view/photo/m/public/p1665762739.jpg
INFO:root:success download image:./image/tmp/p1665762739.jpg
INFO:root:start parse :https://img1.doubanio.com/view/photo/m/public/p2581065129.jpg
INFO:root:success download image:./image/tmp/p2581065129.jpg
INFO:root:start parse :https://img2.doubanio.com/view/photo/m/public/p1949228542.jpg
INFO:root:success download image:./image/tmp/p1949228542.jpg
INFO:root:image is alread exist:./image/tmp/p2561716440.jpg
INFO:root:start parse :https://img9.doubanio.com/view/photo/m/public/p2585897495.jpg
INFO:root:success download image:./image/tmp/p2585897495.jpg
INFO:root:start parse :https://img2.doubanio.com/view/photo/m/public/p956201863.jpg
INFO:root:success download image:./image/tmp/p956201863.jpg
INFO:root:start parse :https://img3.doubanio.com/view/photo/m/public/p2213596760.jpg
INFO:root:success download image:./image/tmp/p2213596760.jpg
INFO:root:start parse :https://img1.doubanio.com/view/photo/m/public/p2213596778.jpg
INFO:root:success download image:./image/tmp/p2213596778.jpg
INFO:root:start parse :https://img3.doubanio.com/view/photo/m/public/p2213596790.jpg
INFO:root:success download image:./image/tmp/p2213596790.jpg
INFO:root:delete file:.\image\tmp\3685fa15a484c50edce319b04cabd7d4.jpg
INFO:root:delete file:.\image\tmp\4dcccbb42e0faf11a57288ae6e4bc20f.jpg
INFO:root:delete file:.\image\tmp\bf2e54772645cde98bb60ca63765269a.jpg
INFO:root:delete file:.\image\tmp\p1391771959.66.jpg
INFO:root:delete file:.\image\tmp\p1399268395.47.jpg
INFO:root:delete file:.\image\tmp\p1665762739.jpg
INFO:root:delete file:.\image\tmp\p1949228542.jpg
INFO:root:delete file:.\image\tmp\p2213596760.jpg
INFO:root:delete file:.\image\tmp\p2213596778.jpg
INFO:root:delete file:.\image\tmp\p2213596790.jpg
INFO:root:delete file:.\image\tmp\p2561716440.jpg
INFO:root:delete file:.\image\tmp\p2581065129.jpg
INFO:root:delete file:.\image\tmp\p2585897495.jpg
INFO:root:delete file:.\image\tmp\p46.jpg
INFO:root:delete file:.\image\tmp\p956201863.jpg
INFO:root:success generate a pdf:./pdf/1291546-霸王别姬.pdf
INFO:root:start parse :https://img3.doubanio.com/view/photo/s_ratio_poster/public/p2561716440.jpg
INFO:root:success download image:./image/tmp/p2561716440.jpg
INFO:root:start parse :https://img9.doubanio.com/view/personage/raw/public/3685fa15a484c50edce319b04cabd7d4.jpg
INFO:root:success download image:./image/tmp/3685fa15a484c50edce319b04cabd7d4.jpg
INFO:root:start parse :https://img2.doubanio.com/view/personage/raw/public/4dcccbb42e0faf11a57288ae6e4bc20f.jpg
INFO:root:success download image:./image/tmp/4dcccbb42e0faf11a57288ae6e4bc20f.jpg
INFO:root:start parse :https://img9.doubanio.com/view/celebrity/raw/public/p1391771959.66.jpg
INFO:root:success download image:./image/tmp/p1391771959.66.jpg
INFO:root:start parse :https://img1.doubanio.com/view/celebrity/raw/public/p1399268395.47.jpg
INFO:root:success download image:./image/tmp/p1399268395.47.jpg
INFO:root:start parse :https://img9.doubanio.com/view/celebrity/raw/public/p46.jpg
INFO:root:success download image:./image/tmp/p46.jpg
INFO:root:start parse :https://img1.doubanio.com/view/personage/raw/public/bf2e54772645cde98bb60ca63765269a.jpg
INFO:root:success download image:./image/tmp/bf2e54772645cde98bb60ca63765269a.jpg
INFO:root:start parse :https://img1.doubanio.com/view/photo/m/public/p1665762739.jpg
INFO:root:success download image:./image/tmp/p1665762739.jpg
INFO:root:start parse :https://img1.doubanio.com/view/photo/m/public/p2581065129.jpg
INFO:root:success download image:./image/tmp/p2581065129.jpg
INFO:root:start parse :https://img2.doubanio.com/view/photo/m/public/p1949228542.jpg
INFO:root:success download image:./image/tmp/p1949228542.jpg
INFO:root:image is alread exist:./image/tmp/p2561716440.jpg
INFO:root:start parse :https://img9.doubanio.com/view/photo/m/public/p2585897495.jpg
INFO:root:success download image:./image/tmp/p2585897495.jpg
INFO:root:start parse :https://img2.doubanio.com/view/photo/m/public/p956201863.jpg
INFO:root:success download image:./image/tmp/p956201863.jpg
INFO:root:start parse :https://img3.doubanio.com/view/photo/m/public/p2213596760.jpg
INFO:root:success download image:./image/tmp/p2213596760.jpg
INFO:root:start parse :https://img1.doubanio.com/view/photo/m/public/p2213596778.jpg
INFO:root:success download image:./image/tmp/p2213596778.jpg
INFO:root:start parse :https://img3.doubanio.com/view/photo/m/public/p2213596790.jpg
INFO:root:success download image:./image/tmp/p2213596790.jpg
INFO:root:delete file:.\image\tmp\3685fa15a484c50edce319b04cabd7d4.jpg
INFO:root:delete file:.\image\tmp\4dcccbb42e0faf11a57288ae6e4bc20f.jpg
INFO:root:delete file:.\image\tmp\bf2e54772645cde98bb60ca63765269a.jpg
INFO:root:delete file:.\image\tmp\p1391771959.66.jpg
INFO:root:delete file:.\image\tmp\p1399268395.47.jpg
INFO:root:delete file:.\image\tmp\p1665762739.jpg
INFO:root:delete file:.\image\tmp\p1949228542.jpg
INFO:root:delete file:.\image\tmp\p2213596760.jpg
INFO:root:delete file:.\image\tmp\p2213596778.jpg
INFO:root:delete file:.\image\tmp\p2213596790.jpg
INFO:root:delete file:.\image\tmp\p2561716440.jpg
INFO:root:delete file:.\image\tmp\p2581065129.jpg
INFO:root:delete file:.\image\tmp\p2585897495.jpg
INFO:root:delete file:.\image\tmp\p46.jpg
INFO:root:delete file:.\image\tmp\p956201863.jpg
INFO:root:success generate a pdf:./pdf/1291546-霸王别姬.pdf
INFO:root:start parse :https://img3.doubanio.com/view/photo/s_ratio_poster/public/p2561716440.jpg
INFO:root:success download image:./image/tmp/p2561716440.jpg
INFO:root:start parse :https://img9.doubanio.com/view/personage/raw/public/3685fa15a484c50edce319b04cabd7d4.jpg
INFO:root:success download image:./image/tmp/3685fa15a484c50edce319b04cabd7d4.jpg
INFO:root:start parse :https://img2.doubanio.com/view/personage/raw/public/4dcccbb42e0faf11a57288ae6e4bc20f.jpg
INFO:root:success download image:./image/tmp/4dcccbb42e0faf11a57288ae6e4bc20f.jpg
INFO:root:start parse :https://img9.doubanio.com/view/celebrity/raw/public/p1391771959.66.jpg
INFO:root:success download image:./image/tmp/p1391771959.66.jpg
INFO:root:start parse :https://img1.doubanio.com/view/celebrity/raw/public/p1399268395.47.jpg
INFO:root:success download image:./image/tmp/p1399268395.47.jpg
INFO:root:start parse :https://img9.doubanio.com/view/celebrity/raw/public/p46.jpg
INFO:root:success download image:./image/tmp/p46.jpg
INFO:root:start parse :https://img1.doubanio.com/view/personage/raw/public/bf2e54772645cde98bb60ca63765269a.jpg
INFO:root:success download image:./image/tmp/bf2e54772645cde98bb60ca63765269a.jpg
INFO:root:start parse :https://img1.doubanio.com/view/photo/m/public/p1665762739.jpg
INFO:root:success download image:./image/tmp/p1665762739.jpg
INFO:root:start parse :https://img1.doubanio.com/view/photo/m/public/p2581065129.jpg
INFO:root:success download image:./image/tmp/p2581065129.jpg
INFO:root:start parse :https://img2.doubanio.com/view/photo/m/public/p1949228542.jpg
INFO:root:success download image:./image/tmp/p1949228542.jpg
INFO:root:start parse :https://img3.doubanio.com/view/photo/m/public/p504397690.jpg
INFO:root:success download image:./image/tmp/p504397690.jpg
INFO:root:image is alread exist:./image/tmp/p2561716440.jpg
INFO:root:start parse :https://img9.doubanio.com/view/photo/m/public/p2585897495.jpg
INFO:root:success download image:./image/tmp/p2585897495.jpg
INFO:root:start parse :https://img2.doubanio.com/view/photo/m/public/p956201863.jpg
INFO:root:success download image:./image/tmp/p956201863.jpg
INFO:root:start parse :https://img2.doubanio.com/view/photo/m/public/p939759533.jpg
INFO:root:success download image:./image/tmp/p939759533.jpg
INFO:root:start parse :https://img3.doubanio.com/view/photo/m/public/p2213596760.jpg
INFO:root:success download image:./image/tmp/p2213596760.jpg
INFO:root:start parse :https://img1.doubanio.com/view/photo/m/public/p2213596778.jpg
INFO:root:success download image:./image/tmp/p2213596778.jpg
INFO:root:start parse :https://img3.doubanio.com/view/photo/m/public/p2213596790.jpg
INFO:root:success download image:./image/tmp/p2213596790.jpg
INFO:root:start parse :https://img1.doubanio.com/view/photo/m/public/p452855329.jpg
INFO:root:success download image:./image/tmp/p452855329.jpg
INFO:root:delete file:.\image\tmp\3685fa15a484c50edce319b04cabd7d4.jpg
INFO:root:delete file:.\image\tmp\4dcccbb42e0faf11a57288ae6e4bc20f.jpg
INFO:root:delete file:.\image\tmp\bf2e54772645cde98bb60ca63765269a.jpg
INFO:root:delete file:.\image\tmp\p1391771959.66.jpg
INFO:root:delete file:.\image\tmp\p1399268395.47.jpg
INFO:root:delete file:.\image\tmp\p1665762739.jpg
INFO:root:delete file:.\image\tmp\p1949228542.jpg
INFO:root:delete file:.\image\tmp\p2213596760.jpg
INFO:root:delete file:.\image\tmp\p2213596778.jpg
INFO:root:delete file:.\image\tmp\p2213596790.jpg
INFO:root:delete file:.\image\tmp\p2561716440.jpg
INFO:root:delete file:.\image\tmp\p2581065129.jpg
INFO:root:delete file:.\image\tmp\p2585897495.jpg
INFO:root:delete file:.\image\tmp\p452855329.jpg
INFO:root:delete file:.\image\tmp\p46.jpg
INFO:root:delete file:.\image\tmp\p504397690.jpg
INFO:root:delete file:.\image\tmp\p939759533.jpg
INFO:root:delete file:.\image\tmp\p956201863.jpg
INFO:root:success generate a pdf:./pdf/1291546-霸王别姬.pdf
